2025-11-14 14:11:22,953 - INFO - Starting motion graph processing - Log file: motion_graph_run_20251114_141122.log
2025-11-14 14:11:22,958 - INFO - ================================================================================
2025-11-14 14:11:22,958 - INFO - Loading BVH files...
2025-11-14 14:12:42,909 - INFO - Successfully loaded 10 BVH files
2025-11-14 14:12:42,909 - INFO - Creating motion graph...
2025-11-14 14:13:41,303 - INFO - Motion graph created successfully
2025-11-14 14:13:41,306 - INFO - ================================================================================
2025-11-14 14:13:41,308 - INFO - Testing multiple threshold values for optimal smoothness
2025-11-14 14:13:41,308 - INFO - ================================================================================
2025-11-14 14:13:41,308 - INFO - 
2025-11-14 14:13:41,308 - INFO - ================================================================================
2025-11-14 14:13:41,308 - INFO - Testing threshold: 2
2025-11-14 14:13:41,308 - INFO - ================================================================================
2025-11-14 14:13:41,308 - INFO - Building graph...
2025-11-14 14:17:36,490 - INFO - Graph built in 235.18 seconds
2025-11-14 14:17:36,492 - INFO - Found 1650 transitions in graph.
2025-11-14 14:17:36,493 - INFO - Generating motion sequence...
2025-11-14 14:17:36,498 - INFO - Generated a new motion with 2500 frames (including transitions).
2025-11-14 14:17:36,498 - INFO - Counting transitions in generated motion...
2025-11-14 14:17:36,502 - INFO - Total transitions in generated motion: 46
2025-11-14 14:17:36,502 - INFO - Calculating smoothness score...
2025-11-14 14:17:36,506 - INFO - Smoothness score (avg velocity change): 1462.3235
2025-11-14 14:17:36,506 - INFO - Reconstructing world-space motion...
2025-11-14 14:17:37,541 - INFO - Writing BVH file: generated_motion_threshold_2.bvh
2025-11-14 14:17:39,855 - INFO - BVH file written successfully: generated_motion_threshold_2.bvh
2025-11-14 14:17:39,855 - INFO - 
2025-11-14 14:17:39,855 - INFO - ================================================================================
2025-11-14 14:17:39,855 - INFO - Testing threshold: 3
2025-11-14 14:17:39,855 - INFO - ================================================================================
2025-11-14 14:17:39,855 - INFO - Building graph...
2025-11-14 14:19:31,218 - INFO - Graph built in 111.36 seconds
2025-11-14 14:19:31,218 - INFO - Found 5766 transitions in graph.
2025-11-14 14:19:31,218 - INFO - Generating motion sequence...
2025-11-14 14:19:31,336 - INFO - Generated a new motion with 2500 frames (including transitions).
2025-11-14 14:19:31,336 - INFO - Counting transitions in generated motion...
2025-11-14 14:19:31,339 - INFO - Total transitions in generated motion: 53
2025-11-14 14:19:31,341 - INFO - Calculating smoothness score...
2025-11-14 14:19:31,341 - INFO - Smoothness score (avg velocity change): 1368.6812
2025-11-14 14:19:31,341 - INFO - Reconstructing world-space motion...
2025-11-14 14:19:32,384 - INFO - Writing BVH file: generated_motion_threshold_3.bvh
2025-11-14 14:19:33,807 - INFO - BVH file written successfully: generated_motion_threshold_3.bvh
2025-11-14 14:19:33,807 - INFO - 
2025-11-14 14:19:33,807 - INFO - ================================================================================
2025-11-14 14:19:33,807 - INFO - Testing threshold: 4
2025-11-14 14:19:33,807 - INFO - ================================================================================
2025-11-14 14:19:33,807 - INFO - Building graph...
2025-11-14 14:22:19,102 - INFO - Graph built in 165.29 seconds
2025-11-14 14:22:19,104 - INFO - Found 13226 transitions in graph.
2025-11-14 14:22:19,104 - INFO - Generating motion sequence...
2025-11-14 14:22:20,138 - INFO - Generated a new motion with 2500 frames (including transitions).
2025-11-14 14:22:20,138 - INFO - Counting transitions in generated motion...
2025-11-14 14:22:20,142 - INFO - Total transitions in generated motion: 38
2025-11-14 14:22:20,142 - INFO - Calculating smoothness score...
2025-11-14 14:22:20,151 - INFO - Smoothness score (avg velocity change): 3743.7668
2025-11-14 14:22:20,151 - INFO - Reconstructing world-space motion...
